This file contains any messages produced by compilers while
running configure, to aid debugging if configure makes a mistake.

It was created by stow configure 2.2.0, which was
generated by GNU Autoconf 2.68.  Invocation command line was

  $ ./configure --prefix=/home/ldh/.dotfiles/stow --datarootdir=/home/ldh/.dotfiles/stow/.local/share --with-pmdir=/home/ldh/.dotfiles/stow/.local/share

## --------- ##
## Platform. ##
## --------- ##

hostname = puce.doit.wisc.edu
uname -m = x86_64
uname -r = 3.10.0-862.2.3.el7.x86_64
uname -s = Linux
uname -v = #1 SMP Tue May 8 19:41:09 UTC 2018

/usr/bin/uname -p = x86_64
/bin/uname -X     = unknown

/bin/arch              = x86_64
/usr/bin/arch -k       = unknown
/usr/convex/getsysinfo = unknown
/usr/bin/hostinfo      = unknown
/bin/machine           = unknown
/usr/bin/oslevel       = unknown
/bin/universe          = unknown

PATH: /usr/local/bin
PATH: /usr/bin
PATH: /usr/local/sbin
PATH: /usr/sbin
PATH: /opt/puppetlabs/bin


## ----------- ##
## Core tests. ##
## ----------- ##

configure:1734: checking for a BSD-compatible install
configure:1802: result: /usr/bin/install -c
configure:1813: checking whether build environment is sane

## ---------------- ##
## Cache variables. ##
## ---------------- ##

ac_cv_env_build_alias_set=
ac_cv_env_build_alias_value=
ac_cv_env_host_alias_set=
ac_cv_env_host_alias_value=
ac_cv_env_target_alias_set=
ac_cv_env_target_alias_value=
ac_cv_path_install='/usr/bin/install -c'

## ----------------- ##
## Output variables. ##
## ----------------- ##

ACLOCAL=''
AMTAR=''
AUTOCONF=''
AUTOHEADER=''
AUTOMAKE=''
AWK=''
CYGPATH_W=''
DEFS=''
ECHO_C=''
ECHO_N='-n'
ECHO_T=''
INSTALL_DATA='${INSTALL} -m 644'
INSTALL_PROGRAM='${INSTALL}'
INSTALL_SCRIPT='${INSTALL}'
INSTALL_STRIP_PROGRAM=''
LIBOBJS=''
LIBS=''
LTLIBOBJS=''
MAKEINFO=''
MKDIR_P=''
PACKAGE=''
PACKAGE_BUGREPORT='bug-stow@gnu.org'
PACKAGE_NAME='stow'
PACKAGE_STRING='stow 2.2.0'
PACKAGE_TARNAME='stow'
PACKAGE_URL=''
PACKAGE_VERSION='2.2.0'
PATH_SEPARATOR=':'
PERL=''
PMDIR=''
SET_MAKE=''
SHELL='/bin/sh'
STRIP=''
VERSION=''
am__isrc=''
am__leading_dot=''
am__tar=''
am__untar=''
bindir='${exec_prefix}/bin'
build_alias=''
datadir='${datarootdir}'
datarootdir='/home/ldh/.dotfiles/stow/.local/share'
docdir='${datarootdir}/doc/${PACKAGE_TARNAME}'
dvidir='${docdir}'
exec_prefix='NONE'
host_alias=''
htmldir='${docdir}'
includedir='${prefix}/include'
infodir='${datarootdir}/info'
install_sh=''
libdir='${exec_prefix}/lib'
libexecdir='${exec_prefix}/libexec'
localedir='${datarootdir}/locale'
localstatedir='${prefix}/var'
mandir='${datarootdir}/man'
mkdir_p=''
oldincludedir='/usr/include'
pdfdir='${docdir}'
prefix='/home/ldh/.dotfiles/stow'
program_transform_name='s,x,x,'
psdir='${docdir}'
sbindir='${exec_prefix}/sbin'
sharedstatedir='${prefix}/com'
sysconfdir='${prefix}/etc'
target_alias=''

## ----------- ##
## confdefs.h. ##
## ----------- ##

/* confdefs.h */
#define PACKAGE_NAME "stow"
#define PACKAGE_TARNAME "stow"
#define PACKAGE_VERSION "2.2.0"
#define PACKAGE_STRING "stow 2.2.0"
#define PACKAGE_BUGREPORT "bug-stow@gnu.org"
#define PACKAGE_URL ""

configure: caught signal 2
configure: exit 1
